c:\users\james\documents\visual studio 2017\projects\autodiff\vs_autodiff\vs_autodiff\release\vc141.pdb
c:\users\james\documents\visual studio 2017\projects\autodiff\vs_autodiff\vs_autodiff\release\stdafx.obj
c:\users\james\documents\visual studio 2017\projects\autodiff\vs_autodiff\vs_autodiff\release\ultimate_unittest.obj
c:\users\james\documents\visual studio 2017\projects\autodiff\vs_autodiff\vs_autodiff\release\dualnum_unittest.obj
c:\users\james\documents\visual studio 2017\projects\autodiff\vs_autodiff\vs_autodiff\release\advec_unittest.obj
c:\users\james\documents\visual studio 2017\projects\autodiff\vs_autodiff\vs_autodiff\release\adnode_unittest.obj
c:\users\james\documents\visual studio 2017\projects\autodiff\vs_autodiff\vs_autodiff\release\admath_unittest.obj
c:\users\james\documents\visual studio 2017\projects\autodiff\vs_autodiff\vs_autodiff\release\adeval_unittest.obj
c:\users\james\documents\visual studio 2017\projects\autodiff\vs_autodiff\vs_autodiff\release\hessian_unittest.obj
c:\users\james\documents\visual studio 2017\projects\autodiff\vs_autodiff\vs_autodiff\release\forwardvar_unittest.obj
c:\users\james\documents\visual studio 2017\projects\autodiff\vs_autodiff\release\vs_autodiff.exe
c:\users\james\documents\visual studio 2017\projects\autodiff\vs_autodiff\release\vs_autodiff.pdb
c:\users\james\documents\visual studio 2017\projects\autodiff\vs_autodiff\release\vs_autodiff.ipdb
c:\users\james\documents\visual studio 2017\projects\autodiff\vs_autodiff\release\vs_autodiff.iobj
c:\users\james\documents\visual studio 2017\projects\autodiff\vs_autodiff\vs_autodiff\release\vs_autodiff.tlog\cl.command.1.tlog
c:\users\james\documents\visual studio 2017\projects\autodiff\vs_autodiff\vs_autodiff\release\vs_autodiff.tlog\cl.read.1.tlog
c:\users\james\documents\visual studio 2017\projects\autodiff\vs_autodiff\vs_autodiff\release\vs_autodiff.tlog\cl.write.1.tlog
c:\users\james\documents\visual studio 2017\projects\autodiff\vs_autodiff\vs_autodiff\release\vs_autodiff.tlog\link.command.1.tlog
c:\users\james\documents\visual studio 2017\projects\autodiff\vs_autodiff\vs_autodiff\release\vs_autodiff.tlog\link.read.1.tlog
c:\users\james\documents\visual studio 2017\projects\autodiff\vs_autodiff\vs_autodiff\release\vs_autodiff.tlog\link.write.1.tlog
c:\users\james\documents\visual studio 2017\projects\autodiff\vs_autodiff\vs_autodiff\release\vs_autodiff.tlog\vs_autodiff.write.1u.tlog
